START RUNNING ID:	Flanker_stim_ISFA_AMPL_theta_-pcatfd-rs32-t32s-16e16-f32s7e19-fqA1-DMXacov-ROTvmx-fac1
MESSAGE: computed decomposition and components:  Flanker_stim_ISFA_AMPL_theta_-pcatfd-rs32-t32s-16e16-f32s7e19-fqA1-DMXacov-ROTvmx-fac1.mat not found in cache, computing ...
MESSAGE: computed decomposition:  Flanker_stim_ISFA_AMPL_theta_-pcatfd-rs32-t32s-16e16-f32s7e19-fqA1-DMXacov-ROTvmx-fac1-PCs.mat not found in cache, computing ...
Size of PCA matrix -- Rows:  3534 Cols:       429
PCASVD -- decomposition type: association_Covariance

Unrotated_VarianceExplained =

   81.7055

Finding the orthogonal Varimax rotation using delta tolerance 1.000000e-04...
#1 - delta = 0
Reordering rows...
 
PCASVD -- decomposition and rotation processing time: 0.039425 seconds 
 
Printing: Flanker_stim_ISFA_AMPL_theta_-pcatfd-rs32-t32s-16e16-f32s7e19-fqA1-DMXacov-ROTvmx-fac1-plot_scree
Printing: Flanker_stim_ISFA_AMPL_theta_-pcatfd-rs32-t32s-16e16-f32s7e19-fqA1-DMXacov-ROTvmx-fac1-plot_components
{Unable to perform assignment because the size of the left side is 1-by-1 and the size of the right side is 0-by-1.

Error in <a href="matlab:matlab.internal.language.introspective.errorDocCallback('base_plot_topo', '/Users/yanbinniu/Project/TF_PCA/OSF/tfpca-tutorial/psychophysiology_toolbox-1.0.0/components/base_plot_topo.m', 80)" style="font-weight:bold">base_plot_topo</a> (<a href="matlab: opentoline('/Users/yanbinniu/Project/TF_PCA/OSF/tfpca-tutorial/psychophysiology_toolbox-1.0.0/components/base_plot_topo.m',80,0)">line 80</a>)
              enums(r,c) = strmatch(deblank(cur_ename),components.elecnames,'exact');

Error in <a href="matlab:matlab.internal.language.introspective.errorDocCallback('base_startup_inner', '/Users/yanbinniu/Project/TF_PCA/OSF/tfpca-tutorial/psychophysiology_toolbox-1.0.0/components/base_startup_inner.m', 115)" style="font-weight:bold">base_startup_inner</a> (<a href="matlab: opentoline('/Users/yanbinniu/Project/TF_PCA/OSF/tfpca-tutorial/psychophysiology_toolbox-1.0.0/components/base_startup_inner.m',115,0)">line 115</a>)
    figure(2);        [retval,time_plot_topo]       =               base_plot_topo(IDvars,SETvars,erp,real(erptfd),1);

Error in <a href="matlab:matlab.internal.language.introspective.errorDocCallback('pcatfd_startup', '/Users/yanbinniu/Project/TF_PCA/OSF/tfpca-tutorial/psychophysiology_toolbox-1.0.0/components/pcatfd_startup.m', 67)" style="font-weight:bold">pcatfd_startup</a> (<a href="matlab: opentoline('/Users/yanbinniu/Project/TF_PCA/OSF/tfpca-tutorial/psychophysiology_toolbox-1.0.0/components/pcatfd_startup.m',67,0)">line 67</a>)
  base_startup_inner;

Error in <a href="matlab:matlab.internal.language.introspective.errorDocCallback('Flanker_stim_ISFA_AMPL_theta_pcatfd', '/Users/yanbinniu/Project/TF_PCA/OSF/tfpca-tutorial/analysis_template/ptb_scripts/Flanker_stim_ISFA_AMPL_theta_pcatfd.m', 32)" style="font-weight:bold">Flanker_stim_ISFA_AMPL_theta_pcatfd</a> (<a href="matlab: opentoline('/Users/yanbinniu/Project/TF_PCA/OSF/tfpca-tutorial/analysis_template/ptb_scripts/Flanker_stim_ISFA_AMPL_theta_pcatfd.m',32,0)">line 32</a>)
    pcatfd_startup(DatasetDef, 32,32,-16,16,32,7,19,fq,dmx,rot,fa,PlotAvgs,Comparison,PlotsMerge,ExportAscii,Verbose);
} 
START RUNNING ID:	Flanker_stim_ISFA_AMPL_theta_-pcatfd-rs32-t32s-16e16-f32s7e19-fqA1-DMXacov-ROTvmx-fac1
MESSAGE: computed decomposition and components:  Flanker_stim_ISFA_AMPL_theta_-pcatfd-rs32-t32s-16e16-f32s7e19-fqA1-DMXacov-ROTvmx-fac1.mat found in cache, not recomputing ...
Printing: Flanker_stim_ISFA_AMPL_theta_-pcatfd-rs32-t32s-16e16-f32s7e19-fqA1-DMXacov-ROTvmx-fac1-plot_scree
Printing: Flanker_stim_ISFA_AMPL_theta_-pcatfd-rs32-t32s-16e16-f32s7e19-fqA1-DMXacov-ROTvmx-fac1-plot_components
Printing: Flanker_stim_ISFA_AMPL_theta_-pcatfd-rs32-t32s-16e16-f32s7e19-fqA1-DMXacov-ROTvmx-fac1-plot_topo
Printing: Flanker_stim_ISFA_AMPL_theta_-pcatfd-rs32-t32s-16e16-f32s7e19-fqA1-DMXacov-ROTvmx-fac1-plot_components_comparison_differences-stim_comparisons-CATError-Correct
Number of subjects for: base_plot_topo_comparison_differences
         Set: Error	 N:38
         Set: Correct	 N:38
Printing: Flanker_stim_ISFA_AMPL_theta_-pcatfd-rs32-t32s-16e16-f32s7e19-fqA1-DMXacov-ROTvmx-fac1-plot_topo_comparison_differences-stim_comparisons-CATError-Correct
Number of subjects for: base_plot_topo_comparison_statistics
             statistic: wilcoxon [within-subjects]
         Set: Error	 N: 38
         Set: Correct	 N: 38
Printing: Flanker_stim_ISFA_AMPL_theta_-pcatfd-rs32-t32s-16e16-f32s7e19-fqA1-DMXacov-ROTvmx-fac1-plot_topo_comparison_statistics-stim_comparisons-CATError-Correct
Printing: Flanker_stim_ISFA_AMPL_theta_-pcatfd-rs32-t32s-16e16-f32s7e19-fqA1-DMXacov-ROTvmx-fac1-plot_components_comparison_differences-stim_comparisons-CATIncongruent-Congruent
Number of subjects for: base_plot_topo_comparison_differences
         Set: Incongruent	 N:38
         Set: Congruent	 N:38
Printing: Flanker_stim_ISFA_AMPL_theta_-pcatfd-rs32-t32s-16e16-f32s7e19-fqA1-DMXacov-ROTvmx-fac1-plot_topo_comparison_differences-stim_comparisons-CATIncongruent-Congruent
Number of subjects for: base_plot_topo_comparison_statistics
             statistic: wilcoxon [within-subjects]
         Set: Incongruent	 N: 38
         Set: Congruent	 N: 38
Printing: Flanker_stim_ISFA_AMPL_theta_-pcatfd-rs32-t32s-16e16-f32s7e19-fqA1-DMXacov-ROTvmx-fac1-plot_topo_comparison_statistics-stim_comparisons-CATIncongruent-Congruent
Printing: Flanker_stim_ISFA_AMPL_theta_-pcatfd-rs32-t32s-16e16-f32s7e19-fqA1-DMXacov-ROTvmx-fac1-plot_scree
Writing out file: Flanker_stim_ISFA_AMPL_theta_-pcatfd-rs32-t32s-16e16-f32s7e19-fqA1-DMXacov-ROTvmx-fac1-plots_Merge_basic
Printing: Flanker_stim_ISFA_AMPL_theta_-pcatfd-rs32-t32s-16e16-f32s7e19-fqA1-DMXacov-ROTvmx-fac1-plot_scree
Writing out file: Flanker_stim_ISFA_AMPL_theta_-pcatfd-rs32-t32s-16e16-f32s7e19-fqA1-DMXacov-ROTvmx-fac1-plots_Merge_long-stim_comparisons
Processing Time
     time_plot_components:					 46.09 
     time_plot_topo:						  1.42 
     time_plot_components_comparison_differences:		  3.99 
     time_plot_topo_comparison_differences:			  3.16 
     time_plot_comparison_statistics:				  3.03 
     time_total:						175.71
END RUNNING ID:		Flanker_stim_ISFA_AMPL_theta_-pcatfd-rs32-t32s-16e16-f32s7e19-fqA1-DMXacov-ROTvmx-fac1
